commit b21c1773540940b835fe370d457418d1702eaa7d
Author: Cefleon <1232091@isep.ipp.pt>
Date:   Fri May 23 10:17:26 2025 +0100

    Adicionado botão de pesquisa por companhia em encomenda

commit 884f0fad8dec98a945c270341d90816a3254b3c0
Author: Cefleon <1232091@isep.ipp.pt>
Date:   Fri May 23 10:04:16 2025 +0100

    Corrigida formatação de botão atualizar

commit f4d9cc6136ddd42e8f6359036cf900aee4ba5888
Author: Cefleon <1232091@isep.ipp.pt>
Date:   Fri May 23 09:50:03 2025 +0100

    Adicionada formatação de pesquisa por encomenda e de botões de atualização stock/encomendas

commit 351f04a1b52aafc5f00689f3250aea3726a3a2cc
Author: Cefleon <1232091@isep.ipp.pt>
Date:   Thu May 22 22:06:27 2025 +0100

    Adicionado o dashboard e atualizadas as paginas de atualização de stock e encomendas

commit 77041f125e8f50fcf8c02816be45d8b88f74574a
Author: Cefleon <1232091@isep.ipp.pt>
Date:   Thu May 22 17:32:18 2025 +0100

    Adicionados ficheiros html e css - Fernando

commit 3e670ea0d8e6124626914169e95a7848200e320e
Merge: c22b2a0 89648bc
Author: André Tavares <91919961+andremltavares@users.noreply.github.com>
Date:   Fri May 23 10:47:46 2025 +0100

    Merge pull request #4 from Cefleon/andre_html
    
    Andre html

commit 89648bca6db1d023ea90e10bc5068886bc67f3b7
Author: André Tavares <andremltavares@gmail.com>
Date:   Fri May 23 10:27:11 2025 +0100

    Alteração de valor no form dos relatórios

commit 0a0738c7ebfe6a8556d63824515653e2d3e96d06
Author: André Tavares <andremltavares@gmail.com>
Date:   Fri May 23 09:19:06 2025 +0100

    Alteração de comentários no ficheiro

commit 628271f27265d4308d0e331ace7944cdfcb987ef
Author: André Tavares <andremltavares@gmail.com>
Date:   Fri May 23 09:05:36 2025 +0100

    Alterar a class active para relatórios

commit 00ff21fa96c5522b798e4b2b9f9f9e31ad69e2c5
Author: André Tavares <andremltavares@gmail.com>
Date:   Fri May 23 09:01:08 2025 +0100

    Adicionado href ao dashboaard

commit 8f907d4ab1401315f47a69ebd59bbaca1475290f
Author: André Tavares <andremltavares@gmail.com>
Date:   Thu May 22 17:15:57 2025 +0100

    Removidos ficheiros .txt existentes nas pastas

commit c22b2a06adf1a3852341250e245d27d7c86bd95a
Author: André Tavares <andremltavares@gmail.com>
Date:   Thu May 22 15:40:35 2025 +0100

    Adicionado ficheiros html e css - André

commit d6d715b7ca859fb0c9c5e3dd88f577f59b897f39
Author: André Tavares <91919961+andremltavares@users.noreply.github.com>
Date:   Wed May 21 18:45:35 2025 +0100

    Update README.md

commit 67f9b2143a3b4813fbf7f3f8420bb76ec69b6d57
Author: Cefleon <1232091@isep.ipp.pt>
Date:   Tue May 20 09:01:09 2025 +0100

    Criação das pastas para organizar detalhes de W1

commit cc23081dd3c0f75fe2b1922770c8ffebc66ce729
Merge: d536327 54235f4
Author: André Tavares <91919961+andremltavares@users.noreply.github.com>
Date:   Tue May 13 16:30:03 2025 +0100

    Merge pull request #3 from Cefleon/Versao
    
    Adicionada a tabela das user stories

commit 54235f4aed0946c0ea93d6bf928ecfa903c1e1ca
Author: André Tavares <91919961+andremltavares@users.noreply.github.com>
Date:   Tue May 13 15:29:15 2025 +0000

    adicionada e atualizada a tabela das user stories

commit 02b184efca3e93d1f49179bddc8406d8e3f09c27
Author: Cefleon <1232091@isep.ipp.pt>
Date:   Tue May 13 15:04:39 2025 +0000

    Adicionada a tabela das user stories

commit d536327b0d4c3b627cabda80abf7d58312b1d523
Author: Cefleon <1232091@isep.ipp.pt>
Date:   Fri May 2 09:33:22 2025 +0000

    Eliminação da lista.txt

commit 934e8235d745e07dd48dd3d3ae22af8e79e85e7d
Author: André Tavares <andremltavares@gmail.com>
Date:   Fri May 2 10:30:52 2025 +0100

    ELiminação palavras repetidas no título

commit ec0c5bda57dd39f978d56e084e35d6b703f4aabc
Author: André Tavares <andremltavares@gmail.com>
Date:   Fri May 2 10:26:49 2025 +0100

    Adicionados Tipos de Utilizadores e respetivas funções

commit 0c6c5960ffe7bcd34eb7ecc88897134caff11400
Merge: 61ee475 ff45a75
Author: André Tavares <91919961+andremltavares@users.noreply.github.com>
Date:   Fri May 2 10:04:36 2025 +0100

    Merge pull request #2 from Cefleon/Versao
    
    Está verificado.
    Abraço

commit ff45a7549de97d26bab5de3078584f5ae27c5b14
Author: Cefleon <1232091@isep.ipp.pt>
Date:   Fri May 2 09:02:43 2025 +0000

    Lista de prioridades

commit 61ee475f96206ca943915f9cb57cef4a85868f2b
Merge: f82ecdf f5ccd44
Author: Cefleon <1232091@isep.ipp.pt>
Date:   Fri May 2 09:56:37 2025 +0100

    Merge pull request #1 from Cefleon/adicionar-membros-grupo
    
    Nomes dos membors do grupo adicionados ao README

commit f5ccd44856962b0c0a4ad186c94cf82067d26a0c
Author: André Tavares <andremltavares@gmail.com>
Date:   Fri May 2 09:53:50 2025 +0100

    Nomes dos membors do grupo adicionados ao README

commit f82ecdf9c55994c393dc2e18031439f9f24d54dc
Author: André Tavares <andremltavares@gmail.com>
Date:   Fri May 2 09:32:17 2025 +0100

    Objetivos da aplicação adicionados ao README

commit 742626410212ed83e74ba6f4f39a90ed86e2c741
Author: Cefleon <1232091@isep.ipp.pt>
Date:   Fri May 2 08:13:45 2025 +0000

    Alteração README para original

commit 1f1292f17267c49c3bd63a3723b5c014d680a330
Author: Cefleon <1232091@isep.ipp.pt>
Date:   Fri May 2 08:12:20 2025 +0000

    Alteração README

commit 910861b975db85e564299be34d1538059d995c97
Author: Cefleon <1232091@isep.ipp.pt>
Date:   Fri May 2 08:26:21 2025 +0100

    Initial commit
